2019-12-03 16:09:37,995 - root - INFO - ############################### START ###############################
2019-12-03 16:09:48,020 - root - INFO - SUCCESS    Start a new browser: firefox, Spend 10.01431918144226 seconds
2019-12-03 16:09:48,297 - root - INFO - SUCCESS    Set browser window maximized, Spend 0.276796817779541 seconds
2019-12-03 16:09:49,117 - root - INFO - SUCCESS    Navigated to http://www.baidu.com, Spend 0.81899094581604 seconds
2019-12-03 16:09:49,383 - root - INFO - SUCCESS    Clear and type element: <id->kw> content: 小石头tester, Spend 0.2649998664855957 seconds
2019-12-03 16:09:49,693 - root - INFO - SUCCESS    Clicked element: <id->su>, Spend 0.30800628662109375 seconds
2019-12-03 16:09:51,704 - root - INFO - SUCCESS    Get current window title, Spend 0.008605241775512695 seconds
2019-12-03 16:09:53,194 - root - INFO - SUCCESS    Closed all window and quit the driver, Spend 1.4899671077728271 seconds
2019-12-03 16:09:53,195 - root - INFO - ###############################  End  ###############################
2019-12-03 16:09:53,195 - root - INFO - ############################### START ###############################
2019-12-03 16:09:59,035 - root - INFO - SUCCESS    Start a new browser: firefox, Spend 5.84013557434082 seconds
2019-12-03 16:09:59,313 - root - INFO - SUCCESS    Set browser window maximized, Spend 0.2760045528411865 seconds
2019-12-03 16:10:00,046 - root - INFO - SUCCESS    Navigated to http://www.baidu.com, Spend 0.5859925746917725 seconds
2019-12-03 16:10:00,173 - root - INFO - SUCCESS    Clear and type element: <id->kw> content: webdriver, Spend 0.12599730491638184 seconds
2019-12-03 16:10:00,422 - root - INFO - SUCCESS    Clicked element: <id->su>, Spend 0.24808311462402344 seconds
2019-12-03 16:10:02,430 - root - INFO - SUCCESS    Get current window title, Spend 0.005999088287353516 seconds
2019-12-03 16:10:02,631 - root - INFO - SUCCESS    Navigated to http://www.baidu.com, Spend 0.20099496841430664 seconds
2019-12-03 16:10:02,748 - root - INFO - SUCCESS    Clear and type element: <id->kw> content: selenium, Spend 0.11499977111816406 seconds
2019-12-03 16:10:02,992 - root - INFO - SUCCESS    Clicked element: <id->su>, Spend 0.2429654598236084 seconds
2019-12-03 16:10:05,003 - root - INFO - SUCCESS    Get current window title, Spend 0.009047746658325195 seconds
2019-12-03 16:10:05,184 - root - INFO - SUCCESS    Navigated to http://www.baidu.com, Spend 0.1796414852142334 seconds
2019-12-03 16:10:05,301 - root - INFO - SUCCESS    Clear and type element: <id->kw> content: github, Spend 0.11599874496459961 seconds
2019-12-03 16:10:05,544 - root - INFO - SUCCESS    Clicked element: <id->su>, Spend 0.24200844764709473 seconds
2019-12-03 16:10:07,548 - root - INFO - SUCCESS    Get current window title, Spend 0.001984834671020508 seconds
2019-12-03 16:10:07,723 - root - INFO - SUCCESS    Navigated to http://www.baidu.com, Spend 0.1734790802001953 seconds
2019-12-03 16:10:07,867 - root - INFO - SUCCESS    Clear and type element: <id->kw> content: 小石头tester, Spend 0.1439990997314453 seconds
2019-12-03 16:10:08,107 - root - INFO - SUCCESS    Clicked element: <id->su>, Spend 0.2382514476776123 seconds
2019-12-03 16:10:10,111 - root - INFO - SUCCESS    Get current window title, Spend 0.002939462661743164 seconds
2019-12-03 16:10:11,468 - root - INFO - SUCCESS    Closed all window and quit the driver, Spend 1.356961965560913 seconds
2019-12-03 16:10:11,468 - root - INFO - ###############################  End  ###############################
2019-12-03 16:10:11,469 - root - INFO - ############################### START ###############################
2019-12-03 16:10:17,207 - root - INFO - SUCCESS    Start a new browser: firefox, Spend 5.738074541091919 seconds
2019-12-03 16:10:17,499 - root - INFO - SUCCESS    Set browser window maximized, Spend 0.2895982265472412 seconds
2019-12-03 16:10:18,178 - root - INFO - SUCCESS    Navigated to http://liveadmin-test.61info.cn/#/login, Spend 0.6769909858703613 seconds
2019-12-03 16:10:18,199 - root - INFO - SUCCESS    Navigated to http://liveadmin-test.61info.cn/#/login, Spend 0.019998550415039062 seconds
2019-12-03 16:10:29,470 - root - INFO - SUCCESS    Closed all window and quit the driver, Spend 11.2706778049469 seconds
2019-12-03 16:10:29,470 - root - INFO - ###############################  End  ###############################
2019-12-03 16:10:57,042 - root - INFO - ############################### START ###############################
2019-12-03 16:11:02,850 - root - INFO - SUCCESS    Start a new browser: firefox, Spend 5.807293653488159 seconds
2019-12-03 16:11:03,130 - root - INFO - SUCCESS    Set browser window maximized, Spend 0.27900147438049316 seconds
2019-12-03 16:11:03,656 - root - INFO - SUCCESS    Navigated to http://www.baidu.com, Spend 0.5229952335357666 seconds
2019-12-03 16:11:03,857 - root - INFO - SUCCESS    Clear and type element: <id->kw> content: 小石头tester, Spend 0.19899582862854004 seconds
2019-12-03 16:11:04,116 - root - INFO - SUCCESS    Clicked element: <id->su>, Spend 0.2580075263977051 seconds
2019-12-03 16:11:06,128 - root - INFO - SUCCESS    Get current window title, Spend 0.009004354476928711 seconds
2019-12-03 16:11:07,543 - root - INFO - SUCCESS    Closed all window and quit the driver, Spend 1.413945198059082 seconds
2019-12-03 16:11:07,544 - root - INFO - ###############################  End  ###############################
2019-12-03 16:11:07,544 - root - INFO - ############################### START ###############################
2019-12-03 16:11:13,316 - root - INFO - SUCCESS    Start a new browser: firefox, Spend 5.770720958709717 seconds
2019-12-03 16:11:13,598 - root - INFO - SUCCESS    Set browser window maximized, Spend 0.28000712394714355 seconds
2019-12-03 16:11:14,116 - root - INFO - SUCCESS    Navigated to http://www.baidu.com, Spend 0.48799777030944824 seconds
2019-12-03 16:11:14,244 - root - INFO - SUCCESS    Clear and type element: <id->kw> content: webdriver, Spend 0.12799501419067383 seconds
2019-12-03 16:11:14,508 - root - INFO - SUCCESS    Clicked element: <id->su>, Spend 0.26300787925720215 seconds
2019-12-03 16:11:16,519 - root - INFO - SUCCESS    Get current window title, Spend 0.009034872055053711 seconds
2019-12-03 16:11:16,700 - root - INFO - SUCCESS    Navigated to http://www.baidu.com, Spend 0.18105411529541016 seconds
2019-12-03 16:11:16,824 - root - INFO - SUCCESS    Clear and type element: <id->kw> content: selenium, Spend 0.12200117111206055 seconds
2019-12-03 16:11:17,066 - root - INFO - SUCCESS    Clicked element: <id->su>, Spend 0.24104690551757812 seconds
2019-12-03 16:11:19,078 - root - INFO - SUCCESS    Get current window title, Spend 0.007958650588989258 seconds
2019-12-03 16:11:19,257 - root - INFO - SUCCESS    Navigated to http://www.baidu.com, Spend 0.17690324783325195 seconds
2019-12-03 16:11:19,372 - root - INFO - SUCCESS    Clear and type element: <id->kw> content: github, Spend 0.11399316787719727 seconds
2019-12-03 16:11:19,689 - root - INFO - SUCCESS    Clicked element: <id->su>, Spend 0.3169980049133301 seconds
2019-12-03 16:11:21,692 - root - INFO - SUCCESS    Get current window title, Spend 0.0019528865814208984 seconds
2019-12-03 16:11:21,875 - root - INFO - SUCCESS    Navigated to http://www.baidu.com, Spend 0.18209099769592285 seconds
2019-12-03 16:11:22,030 - root - INFO - SUCCESS    Clear and type element: <id->kw> content: 小石头tester, Spend 0.15399765968322754 seconds
2019-12-03 16:11:22,273 - root - INFO - SUCCESS    Clicked element: <id->su>, Spend 0.24258995056152344 seconds
2019-12-03 16:11:24,277 - root - INFO - SUCCESS    Get current window title, Spend 0.0019426345825195312 seconds
2019-12-03 16:11:26,056 - root - INFO - SUCCESS    Closed all window and quit the driver, Spend 1.7779254913330078 seconds
2019-12-03 16:11:26,056 - root - INFO - ###############################  End  ###############################
2019-12-03 16:11:26,057 - root - INFO - ############################### START ###############################
2019-12-03 16:11:32,350 - root - INFO - SUCCESS    Start a new browser: firefox, Spend 6.292390823364258 seconds
2019-12-03 16:11:32,645 - root - INFO - SUCCESS    Set browser window maximized, Spend 0.2919802665710449 seconds
2019-12-03 16:11:33,225 - root - INFO - SUCCESS    Navigated to http://liveadmin-test.61info.cn/#/login, Spend 0.5779893398284912 seconds
2019-12-03 16:11:33,252 - root - INFO - SUCCESS    Navigated to http://liveadmin-test.61info.cn/#/login, Spend 0.025994539260864258 seconds
2019-12-03 16:11:44,538 - root - INFO - SUCCESS    Closed all window and quit the driver, Spend 11.286474466323853 seconds
2019-12-03 16:11:44,539 - root - INFO - ###############################  End  ###############################
2019-12-03 16:12:05,560 - root - INFO - ############################### START ###############################
2019-12-03 16:12:11,366 - root - INFO - SUCCESS    Start a new browser: firefox, Spend 5.804715394973755 seconds
2019-12-03 16:12:11,646 - root - INFO - SUCCESS    Set browser window maximized, Spend 0.27900195121765137 seconds
2019-12-03 16:12:12,232 - root - INFO - SUCCESS    Navigated to http://www.baidu.com, Spend 0.5849862098693848 seconds
2019-12-03 16:12:12,382 - root - INFO - SUCCESS    Clear and type element: <id->kw> content: 小石头tester, Spend 0.15000057220458984 seconds
2019-12-03 16:12:12,647 - root - INFO - SUCCESS    Clicked element: <id->su>, Spend 0.2620244026184082 seconds
2019-12-03 16:12:14,651 - root - INFO - SUCCESS    Get current window title, Spend 0.003973960876464844 seconds
2019-12-03 16:12:15,804 - root - INFO - SUCCESS    Closed all window and quit the driver, Spend 1.1530077457427979 seconds
2019-12-03 16:12:15,805 - root - INFO - ###############################  End  ###############################
2019-12-03 16:12:15,805 - root - INFO - ############################### START ###############################
2019-12-03 16:12:21,585 - root - INFO - SUCCESS    Start a new browser: firefox, Spend 5.778390645980835 seconds
2019-12-03 16:12:21,860 - root - INFO - SUCCESS    Set browser window maximized, Spend 0.27300500869750977 seconds
2019-12-03 16:12:22,635 - root - INFO - SUCCESS    Navigated to http://www.baidu.com, Spend 0.7510178089141846 seconds
2019-12-03 16:12:22,826 - root - INFO - SUCCESS    Clear and type element: <id->kw> content: webdriver, Spend 0.19100022315979004 seconds
2019-12-03 16:12:23,110 - root - INFO - SUCCESS    Clicked element: <id->su>, Spend 0.282027006149292 seconds
2019-12-03 16:12:26,005 - root - INFO - SUCCESS    Closed all window and quit the driver, Spend 0.003991842269897461 seconds
2019-12-03 16:12:26,006 - root - INFO - ###############################  End  ###############################
2019-12-03 16:12:26,031 - root - INFO - ############################### START ###############################
2019-12-03 16:12:29,780 - root - INFO - ############################### START ###############################
2019-12-03 16:16:23,656 - root - INFO - ############################### START ###############################
2019-12-03 16:16:29,424 - root - INFO - SUCCESS    Start a new browser: firefox, Spend 5.767554521560669 seconds
2019-12-03 16:16:29,710 - root - INFO - SUCCESS    Set browser window maximized, Spend 0.28514766693115234 seconds
2019-12-03 16:16:30,324 - root - INFO - SUCCESS    Navigated to http://liveadmin-test.61info.cn/#/login, Spend 0.6140024662017822 seconds
2019-12-03 16:16:30,344 - root - INFO - SUCCESS    Navigated to http://liveadmin-test.61info.cn/#/login, Spend 0.018002033233642578 seconds
2019-12-03 16:16:41,627 - root - INFO - SUCCESS    Closed all window and quit the driver, Spend 11.281611680984497 seconds
2019-12-03 16:16:41,627 - root - INFO - ###############################  End  ###############################
2019-12-03 16:17:55,747 - root - INFO - ############################### START ###############################
2019-12-03 16:18:01,515 - root - INFO - SUCCESS    Start a new browser: firefox, Spend 5.767292022705078 seconds
2019-12-03 16:18:01,826 - root - INFO - SUCCESS    Set browser window maximized, Spend 0.310009241104126 seconds
2019-12-03 16:18:02,575 - root - INFO - SUCCESS    Navigated to http://liveadmin-test.61info.cn/#/login, Spend 0.7479968070983887 seconds
2019-12-03 16:18:02,619 - root - INFO - SUCCESS    Navigated to http://liveadmin-test.61info.cn/#/login, Spend 0.043997764587402344 seconds
2019-12-03 16:18:13,853 - root - INFO - SUCCESS    Closed all window and quit the driver, Spend 11.230165719985962 seconds
2019-12-03 16:18:13,853 - root - INFO - ###############################  End  ###############################
2019-12-03 16:18:42,918 - root - INFO - ############################### START ###############################
2019-12-03 16:18:48,761 - root - INFO - SUCCESS    Start a new browser: firefox, Spend 5.841043710708618 seconds
2019-12-03 16:18:49,073 - root - INFO - SUCCESS    Set browser window maximized, Spend 0.3110013008117676 seconds
2019-12-03 16:18:49,757 - root - INFO - SUCCESS    Navigated to http://liveadmin-test.61info.cn/#/login, Spend 0.6820001602172852 seconds
2019-12-03 16:18:58,666 - root - INFO - SUCCESS    Navigated to http://liveadmin-test.61info.cn/#/login, Spend 0.01599407196044922 seconds
2019-12-03 16:19:15,374 - root - INFO - ############################### START ###############################
2019-12-03 16:19:21,207 - root - INFO - SUCCESS    Start a new browser: firefox, Spend 5.827816486358643 seconds
2019-12-03 16:19:21,492 - root - INFO - SUCCESS    Set browser window maximized, Spend 0.28400564193725586 seconds
2019-12-03 16:19:22,060 - root - INFO - SUCCESS    Navigated to http://liveadmin-test.61info.cn/#/login, Spend 0.5649943351745605 seconds
2019-12-03 16:19:32,451 - root - INFO - SUCCESS    Navigated to http://liveadmin-test.61info.cn/#/login, Spend 0.024969100952148438 seconds
2019-12-03 16:19:43,534 - root - INFO - SUCCESS    Closed all window and quit the driver, Spend 11.080109596252441 seconds
2019-12-03 16:19:43,534 - root - INFO - ###############################  End  ###############################
2019-12-03 16:20:05,935 - root - INFO - ############################### START ###############################
2019-12-03 16:20:11,707 - root - INFO - SUCCESS    Start a new browser: firefox, Spend 5.770543575286865 seconds
2019-12-03 16:20:12,024 - root - INFO - SUCCESS    Set browser window maximized, Spend 0.3169972896575928 seconds
2019-12-03 16:20:12,596 - root - INFO - SUCCESS    Navigated to http://liveadmin-test.61info.cn/#/login, Spend 0.5699982643127441 seconds
2019-12-03 16:20:26,363 - root - INFO - SUCCESS    Closed all window and quit the driver, Spend 11.104867219924927 seconds
2019-12-03 16:20:26,364 - root - INFO - ###############################  End  ###############################
2019-12-03 16:21:59,758 - root - INFO - ############################### START ###############################
2019-12-03 16:22:05,492 - root - INFO - SUCCESS    Start a new browser: firefox, Spend 5.732211589813232 seconds
2019-12-03 16:22:05,781 - root - INFO - SUCCESS    Set browser window maximized, Spend 0.2869992256164551 seconds
2019-12-03 16:22:37,655 - root - INFO - ############################### START ###############################
2019-12-03 16:22:43,943 - root - INFO - SUCCESS    Start a new browser: firefox, Spend 6.286548376083374 seconds
2019-12-03 16:22:44,206 - root - INFO - SUCCESS    Set browser window maximized, Spend 0.2629992961883545 seconds
2019-12-03 16:22:45,481 - root - INFO - SUCCESS    Closed all window and quit the driver, Spend 1.2749993801116943 seconds
2019-12-03 16:22:45,482 - root - INFO - ###############################  End  ###############################
2019-12-03 16:23:09,653 - root - INFO - ############################### START ###############################
2019-12-03 16:23:15,428 - root - INFO - SUCCESS    Start a new browser: firefox, Spend 5.772432327270508 seconds
2019-12-03 16:23:15,709 - root - INFO - SUCCESS    Set browser window maximized, Spend 0.2805042266845703 seconds
2019-12-03 16:23:16,790 - root - INFO - SUCCESS    Closed all window and quit the driver, Spend 1.078993558883667 seconds
2019-12-03 16:23:16,790 - root - INFO - ###############################  End  ###############################
2019-12-03 16:24:11,606 - root - INFO - ############################### START ###############################
2019-12-03 16:24:17,363 - root - INFO - SUCCESS    Start a new browser: firefox, Spend 5.755978584289551 seconds
2019-12-03 16:24:17,639 - root - INFO - SUCCESS    Set browser window maximized, Spend 0.2747182846069336 seconds
2019-12-03 16:24:18,222 - root - INFO - SUCCESS    Navigated to http://liveadmin-test.61info.cn/#/login, Spend 0.583024263381958 seconds
2019-12-03 16:24:18,223 - root - INFO - into live page
2019-12-03 16:24:18,223 - root - INFO - 执行了
2019-12-03 16:24:20,398 - root - INFO - SUCCESS    Clear and type element: <name->username> content: ('zhongyanping',), Spend 0.17398738861083984 seconds
2019-12-03 16:24:21,000 - root - INFO - SUCCESS    Get the current window screenshot,path: D:\PythonProjects\UItestframework\report\image\0, Spend 0.6010241508483887 seconds
2019-12-03 16:24:23,067 - root - INFO - SUCCESS    Clear and type element: <name->password> content: 123456, Spend 0.06500482559204102 seconds
2019-12-03 16:24:39,052 - root - INFO - SUCCESS    Closed all window and quit the driver, Spend 10.984664678573608 seconds
2019-12-03 16:24:39,053 - root - INFO - ###############################  End  ###############################
2019-12-03 16:25:16,030 - root - INFO - ############################### START ###############################
2019-12-03 16:25:21,787 - root - INFO - SUCCESS    Start a new browser: firefox, Spend 5.755093336105347 seconds
2019-12-03 16:25:22,080 - root - INFO - SUCCESS    Set browser window maximized, Spend 0.29096198081970215 seconds
2019-12-03 16:25:22,631 - root - INFO - SUCCESS    Navigated to http://liveadmin-test.61info.cn/#/login, Spend 0.5500137805938721 seconds
2019-12-03 16:25:22,632 - root - INFO - into live page
2019-12-03 16:25:22,633 - root - INFO - 执行了
2019-12-03 16:25:24,755 - root - INFO - SUCCESS    Clear and type element: <name->username> content: ('zhongyanping',), Spend 0.12092447280883789 seconds
2019-12-03 16:25:25,200 - root - INFO - SUCCESS    Get the current window screenshot,path: D:\PythonProjects\UItestframework\report\image\0.jpg, Spend 0.44402194023132324 seconds
2019-12-03 16:25:27,280 - root - INFO - SUCCESS    Clear and type element: <name->password> content: 123456, Spend 0.07899761199951172 seconds
2019-12-03 16:25:43,373 - root - INFO - SUCCESS    Closed all window and quit the driver, Spend 11.09133267402649 seconds
2019-12-03 16:25:43,374 - root - INFO - ###############################  End  ###############################
2019-12-03 16:26:35,316 - root - INFO - ############################### START ###############################
2019-12-03 16:26:41,105 - root - INFO - SUCCESS    Start a new browser: firefox, Spend 5.786449670791626 seconds
2019-12-03 16:26:41,399 - root - INFO - SUCCESS    Set browser window maximized, Spend 0.2910187244415283 seconds
2019-12-03 16:26:42,644 - root - INFO - SUCCESS    Closed all window and quit the driver, Spend 1.2440404891967773 seconds
2019-12-03 16:26:42,644 - root - INFO - ###############################  End  ###############################
2019-12-03 16:27:05,337 - root - INFO - ############################### START ###############################
2019-12-03 16:27:11,081 - root - INFO - SUCCESS    Start a new browser: firefox, Spend 5.742948532104492 seconds
2019-12-03 16:27:11,398 - root - INFO - SUCCESS    Set browser window maximized, Spend 0.3161652088165283 seconds
2019-12-03 16:27:12,570 - root - INFO - SUCCESS    Closed all window and quit the driver, Spend 1.171077013015747 seconds
2019-12-03 16:27:12,570 - root - INFO - ###############################  End  ###############################
2019-12-03 16:27:17,383 - root - INFO - ############################### START ###############################
2019-12-03 16:27:20,727 - root - INFO - ############################### START ###############################
2019-12-03 16:27:26,515 - root - INFO - SUCCESS    Start a new browser: firefox, Spend 5.7864086627960205 seconds
2019-12-03 16:27:26,830 - root - INFO - SUCCESS    Set browser window maximized, Spend 0.3140125274658203 seconds
2019-12-03 16:27:27,376 - root - INFO - SUCCESS    Navigated to http://liveadmin-test.61info.cn/#/login, Spend 0.5450193881988525 seconds
2019-12-03 16:27:27,376 - root - INFO - into live page
2019-12-03 16:27:29,567 - root - INFO - SUCCESS    Clear and type element: <name->username> content: ('zhongyanping',), Spend 0.1879870891571045 seconds
2019-12-03 16:27:29,937 - root - INFO - SUCCESS    Get the current window screenshot,path: D:\PythonProjects\UItestframework\report\image\0.jpg, Spend 0.370013952255249 seconds
2019-12-03 16:27:32,042 - root - INFO - SUCCESS    Clear and type element: <name->password> content: ('123456',), Spend 0.10299849510192871 seconds
2019-12-03 16:27:32,483 - root - INFO - SUCCESS    Get the current window screenshot,path: D:\PythonProjects\UItestframework\report\image\1.jpg, Spend 0.4380483627319336 seconds
2019-12-03 16:27:48,963 - root - INFO - SUCCESS    Closed all window and quit the driver, Spend 11.477301597595215 seconds
2019-12-03 16:27:48,964 - root - INFO - ###############################  End  ###############################
2019-12-03 16:33:28,107 - root - INFO - ############################### START ###############################
2019-12-03 16:33:33,893 - root - INFO - SUCCESS    Start a new browser: firefox, Spend 5.7858054637908936 seconds
2019-12-03 16:33:34,188 - root - INFO - SUCCESS    Set browser window maximized, Spend 0.2909970283508301 seconds
2019-12-03 16:33:34,806 - root - INFO - SUCCESS    Navigated to http://liveadmin-test.61info.cn/#/login, Spend 0.6169915199279785 seconds
2019-12-03 16:33:34,807 - root - INFO - into live page
2019-12-03 16:33:36,936 - root - INFO - SUCCESS    Clear and type element: <name->username> content: ('zhongyanping',), Spend 0.12799954414367676 seconds
2019-12-03 16:33:37,460 - root - INFO - SUCCESS    Get the current window screenshot,path: D:\PythonProjects\UItestframework\report\image\<bound method liveIndexPage.input_phone_number of <public.pages.liveIndexPage.liveIndexPage object at 0x00000224221ADDD8>>.jpg, Spend 0.5210511684417725 seconds
2019-12-03 16:33:39,564 - root - INFO - SUCCESS    Clear and type element: <name->password> content: ('123456',), Spend 0.10297155380249023 seconds
2019-12-03 16:33:40,000 - root - INFO - SUCCESS    Get the current window screenshot,path: D:\PythonProjects\UItestframework\report\image\<bound method liveIndexPage.input_password of <public.pages.liveIndexPage.liveIndexPage object at 0x00000224221ADDD8>>.jpg, Spend 0.4360055923461914 seconds
2019-12-03 16:33:56,113 - root - INFO - SUCCESS    Closed all window and quit the driver, Spend 11.108110666275024 seconds
2019-12-03 16:33:56,113 - root - INFO - ###############################  End  ###############################
2019-12-03 16:38:23,200 - root - INFO - ############################### START ###############################
2019-12-03 16:38:29,007 - root - INFO - SUCCESS    Start a new browser: firefox, Spend 5.805826902389526 seconds
2019-12-03 16:38:29,303 - root - INFO - SUCCESS    Set browser window maximized, Spend 0.2963428497314453 seconds
2019-12-03 16:38:29,900 - root - INFO - SUCCESS    Navigated to http://liveadmin-test.61info.cn/#/login, Spend 0.5944552421569824 seconds
2019-12-03 16:38:29,901 - root - INFO - into live page
2019-12-03 16:38:32,045 - root - INFO - SUCCESS    Clear and type element: <name->username> content: ('zhongyanping',), Spend 0.14399385452270508 seconds
2019-12-03 16:38:32,481 - root - INFO - SUCCESS    Get the current window screenshot,path: D:\PythonProjects\UItestframework\report\image\<bound method liveIndexPage.input_phone_number of <public.pages.liveIndexPage.liveIndexPage object at 0x000001FDD173DDA0>>.jpg, Spend 0.4350006580352783 seconds
2019-12-03 16:38:34,579 - root - INFO - SUCCESS    Clear and type element: <name->password> content: ('123456',), Spend 0.09799313545227051 seconds
2019-12-03 16:38:34,982 - root - INFO - SUCCESS    Get the current window screenshot,path: D:\PythonProjects\UItestframework\report\image\<bound method liveIndexPage.input_password of <public.pages.liveIndexPage.liveIndexPage object at 0x000001FDD173DDA0>>.jpg, Spend 0.4030017852783203 seconds
2019-12-03 16:38:51,045 - root - INFO - SUCCESS    Closed all window and quit the driver, Spend 11.056134939193726 seconds
2019-12-03 16:38:51,046 - root - INFO - ###############################  End  ###############################
2019-12-03 16:39:20,124 - root - INFO - ############################### START ###############################
2019-12-03 16:39:25,901 - root - INFO - SUCCESS    Start a new browser: firefox, Spend 5.776570558547974 seconds
2019-12-03 16:39:26,170 - root - INFO - SUCCESS    Set browser window maximized, Spend 0.2689988613128662 seconds
2019-12-03 16:39:26,737 - root - INFO - SUCCESS    Navigated to http://liveadmin-test.61info.cn/#/login, Spend 0.5650062561035156 seconds
2019-12-03 16:39:26,739 - root - INFO - into live page
2019-12-03 16:39:28,867 - root - INFO - SUCCESS    Clear and type element: <name->username> content: ('zhongyanping',), Spend 0.1269688606262207 seconds
2019-12-03 16:39:29,249 - root - INFO - SUCCESS    Get the current window screenshot,path: D:\PythonProjects\UItestframework\report\image\<bound method liveIndexPage.input_phone_number of <public.pages.liveIndexPage.liveIndexPage object at 0x000001BD7C160D68>>.jpg, Spend 0.3809971809387207 seconds
2019-12-03 16:39:31,351 - root - INFO - SUCCESS    Clear and type element: <name->password> content: ('123456',), Spend 0.09999275207519531 seconds
2019-12-03 16:39:31,733 - root - INFO - SUCCESS    Get the current window screenshot,path: D:\PythonProjects\UItestframework\report\image\<bound method liveIndexPage.input_password of <public.pages.liveIndexPage.liveIndexPage object at 0x000001BD7C160D68>>.jpg, Spend 0.3809988498687744 seconds
2019-12-03 16:39:44,822 - root - INFO - SUCCESS    Closed all window and quit the driver, Spend 8.088550090789795 seconds
2019-12-03 16:39:44,823 - root - INFO - ###############################  End  ###############################
2019-12-03 16:43:49,396 - root - INFO - ############################### START ###############################
2019-12-03 16:43:55,160 - root - INFO - SUCCESS    Start a new browser: firefox, Spend 5.763303518295288 seconds
2019-12-03 16:43:55,440 - root - INFO - SUCCESS    Set browser window maximized, Spend 0.27700257301330566 seconds
2019-12-03 16:43:56,015 - root - INFO - SUCCESS    Navigated to http://liveadmin-test.61info.cn/#/login, Spend 0.5750041007995605 seconds
2019-12-03 16:43:56,016 - root - INFO - into live page
2019-12-03 16:43:58,167 - root - INFO - SUCCESS    Clear and type element: <name->username> content: ('zhongyanping',), Spend 0.15099430084228516 seconds
2019-12-03 16:43:58,549 - root - INFO - SUCCESS    Get the current window screenshot,path: D:\PythonProjects\UItestframework\report\image\0.jpg, Spend 0.3820009231567383 seconds
2019-12-03 16:44:00,631 - root - INFO - SUCCESS    Clear and type element: <name->password> content: ('123456',), Spend 0.07900381088256836 seconds
2019-12-03 16:44:01,033 - root - INFO - SUCCESS    Get the current window screenshot,path: D:\PythonProjects\UItestframework\report\image\1.jpg, Spend 0.4009974002838135 seconds
2019-12-03 16:44:17,195 - root - INFO - SUCCESS    Closed all window and quit the driver, Spend 11.16016149520874 seconds
2019-12-03 16:44:17,195 - root - INFO - ###############################  End  ###############################
2019-12-03 16:48:31,537 - root - INFO - ############################### START ###############################
2019-12-03 16:48:37,283 - root - INFO - SUCCESS    Start a new browser: firefox, Spend 5.745609521865845 seconds
2019-12-03 16:48:37,558 - root - INFO - SUCCESS    Set browser window maximized, Spend 0.2737302780151367 seconds
2019-12-03 16:48:38,819 - root - INFO - ############################### START ###############################
2019-12-03 16:48:44,613 - root - INFO - SUCCESS    Start a new browser: firefox, Spend 5.793829917907715 seconds
2019-12-03 16:48:44,928 - root - INFO - SUCCESS    Set browser window maximized, Spend 0.3130066394805908 seconds
2019-12-03 16:48:45,541 - root - INFO - SUCCESS    Navigated to http://liveadmin-test.61info.cn/#/login, Spend 0.6120016574859619 seconds
2019-12-03 16:48:45,542 - root - INFO - into live page
2019-12-03 16:48:47,700 - root - INFO - SUCCESS    Clear and type element: <name->username> content: ('zhongyanping',), Spend 0.15699338912963867 seconds
2019-12-03 16:48:48,198 - root - INFO - SUCCESS    Get the current window screenshot,path: D:\PythonProjects\UItestframework\report\image\input_phone_number.jpg, Spend 0.4969460964202881 seconds
2019-12-03 16:48:50,274 - root - INFO - SUCCESS    Clear and type element: <name->password> content: ('123456',), Spend 0.07500362396240234 seconds
2019-12-03 16:48:50,780 - root - INFO - SUCCESS    Get the current window screenshot,path: D:\PythonProjects\UItestframework\report\image\input_password.jpg, Spend 0.5060036182403564 seconds
2019-12-03 16:49:06,856 - root - INFO - SUCCESS    Closed all window and quit the driver, Spend 11.074759721755981 seconds
2019-12-03 16:49:06,857 - root - INFO - ###############################  End  ###############################
2019-12-03 16:54:29,485 - root - INFO - ############################### START ###############################
2019-12-03 16:54:35,212 - root - INFO - SUCCESS    Start a new browser: firefox, Spend 5.725159645080566 seconds
2019-12-03 16:54:35,492 - root - INFO - SUCCESS    Set browser window maximized, Spend 0.2791745662689209 seconds
2019-12-03 16:54:36,689 - root - INFO - SUCCESS    Closed all window and quit the driver, Spend 1.196000099182129 seconds
2019-12-03 16:54:36,690 - root - INFO - ###############################  End  ###############################
2019-12-03 16:55:02,556 - root - INFO - ############################### START ###############################
2019-12-03 16:55:08,383 - root - INFO - SUCCESS    Start a new browser: firefox, Spend 5.825844764709473 seconds
2019-12-03 16:55:08,657 - root - INFO - SUCCESS    Set browser window maximized, Spend 0.27123260498046875 seconds
2019-12-03 16:55:41,831 - root - INFO - SUCCESS    Closed all window and quit the driver, Spend 0.8301568031311035 seconds
2019-12-03 16:55:41,831 - root - INFO - ###############################  End  ###############################
2019-12-03 16:55:52,438 - root - INFO - ############################### START ###############################
2019-12-03 16:55:58,264 - root - INFO - SUCCESS    Start a new browser: firefox, Spend 5.824357748031616 seconds
2019-12-03 16:55:58,546 - root - INFO - SUCCESS    Set browser window maximized, Spend 0.27997541427612305 seconds
2019-12-03 16:55:59,780 - root - INFO - SUCCESS    Closed all window and quit the driver, Spend 1.2329938411712646 seconds
2019-12-03 16:55:59,781 - root - INFO - ###############################  End  ###############################
2019-12-03 16:59:07,233 - root - INFO - ############################### START ###############################
2019-12-03 16:59:12,998 - root - INFO - SUCCESS    Start a new browser: firefox, Spend 5.765234470367432 seconds
2019-12-03 16:59:13,307 - root - INFO - SUCCESS    Set browser window maximized, Spend 0.30733299255371094 seconds
2019-12-03 16:59:13,915 - root - INFO - SUCCESS    Navigated to http://liveadmin-test.61info.cn/#/login, Spend 0.6070034503936768 seconds
2019-12-03 16:59:13,915 - root - INFO - into live page
2019-12-03 16:59:16,054 - root - INFO - SUCCESS    Clear and type element: <name->username> content: ('zhongyanping',), Spend 0.1380000114440918 seconds
2019-12-03 16:59:16,467 - root - INFO - SUCCESS    Get the current window screenshot,path: D:\PythonProjects\UItestframework\report\image\input_phone_number.jpg, Spend 0.4120042324066162 seconds
2019-12-03 16:59:18,565 - root - INFO - SUCCESS    Clear and type element: <name->password> content: ('123456',), Spend 0.09699249267578125 seconds
2019-12-03 16:59:18,949 - root - INFO - SUCCESS    Get the current window screenshot,path: D:\PythonProjects\UItestframework\report\image\input_password.jpg, Spend 0.3840000629425049 seconds
2019-12-03 16:59:35,214 - root - INFO - SUCCESS    Closed all window and quit the driver, Spend 11.263495683670044 seconds
2019-12-03 16:59:35,215 - root - INFO - ###############################  End  ###############################
2019-12-03 17:00:54,704 - root - INFO - ############################### START ###############################
2019-12-03 17:01:00,500 - root - INFO - SUCCESS    Start a new browser: firefox, Spend 5.795565843582153 seconds
2019-12-03 17:01:00,775 - root - INFO - SUCCESS    Set browser window maximized, Spend 0.2729835510253906 seconds
2019-12-03 17:01:01,361 - root - INFO - SUCCESS    Navigated to http://liveadmin-test.61info.cn/#/login, Spend 0.5849928855895996 seconds
2019-12-03 17:01:01,362 - root - INFO - into live page
2019-12-03 17:01:03,499 - root - INFO - SUCCESS    Clear and type element: <name->username> content: ('zhongyanping',), Spend 0.13599896430969238 seconds
2019-12-03 17:01:03,879 - root - INFO - SUCCESS    Get the current window screenshot,path: D:\PythonProjects\UItestframework\report\image\input_phone_number-1575363663.4993584.jpg, Spend 0.37999558448791504 seconds
2019-12-03 17:01:06,001 - root - INFO - SUCCESS    Clear and type element: <name->password> content: ('123456',), Spend 0.12099552154541016 seconds
2019-12-03 17:01:06,382 - root - INFO - SUCCESS    Get the current window screenshot,path: D:\PythonProjects\UItestframework\report\image\input_password-1575363666.0013568.jpg, Spend 0.3809986114501953 seconds
2019-12-03 17:01:19,957 - root - INFO - SUCCESS    Closed all window and quit the driver, Spend 8.573545455932617 seconds
2019-12-03 17:01:19,957 - root - INFO - ###############################  End  ###############################
2019-12-03 17:04:25,431 - root - INFO - ############################### START ###############################
2019-12-03 17:04:31,209 - root - INFO - SUCCESS    Start a new browser: firefox, Spend 5.778156042098999 seconds
2019-12-03 17:04:31,537 - root - INFO - SUCCESS    Set browser window maximized, Spend 0.3269991874694824 seconds
2019-12-03 17:04:32,095 - root - INFO - SUCCESS    Navigated to http://liveadmin-test.61info.cn/#/login, Spend 0.5570027828216553 seconds
2019-12-03 17:04:32,096 - root - INFO - into live page
2019-12-03 17:04:34,267 - root - INFO - SUCCESS    Clear and type element: <name->username> content: ('zhongyanping',), Spend 0.17098164558410645 seconds
2019-12-03 17:04:45,354 - root - INFO - SUCCESS    Closed all window and quit the driver, Spend 11.085048913955688 seconds
2019-12-03 17:04:45,354 - root - INFO - ###############################  End  ###############################
2019-12-03 17:06:17,416 - root - INFO - ############################### START ###############################
2019-12-03 17:06:23,162 - root - INFO - SUCCESS    Start a new browser: firefox, Spend 5.744387626647949 seconds
2019-12-03 17:06:23,452 - root - INFO - SUCCESS    Set browser window maximized, Spend 0.29049062728881836 seconds
2019-12-03 17:06:24,011 - root - INFO - SUCCESS    Navigated to http://liveadmin-test.61info.cn/#/login, Spend 0.557002067565918 seconds
2019-12-03 17:06:24,011 - root - INFO - into live page
2019-12-03 17:06:26,167 - root - INFO - SUCCESS    Clear and type element: <name->username> content: ('zhongyanping',), Spend 0.1539912223815918 seconds
2019-12-03 17:06:26,650 - root - INFO - SUCCESS    Get the current window screenshot,path: D:\PythonProjects\UItestframework\report\image\input_phone_number-2019-12-03_17_06_26.jpg, Spend 0.4809606075286865 seconds
2019-12-03 17:06:28,729 - root - INFO - SUCCESS    Clear and type element: <name->password> content: ('123456',), Spend 0.07900094985961914 seconds
2019-12-03 17:06:29,249 - root - INFO - SUCCESS    Get the current window screenshot,path: D:\PythonProjects\UItestframework\report\image\input_password-2019-12-03_17_06_28.jpg, Spend 0.5189962387084961 seconds
2019-12-03 17:06:45,257 - root - INFO - SUCCESS    Closed all window and quit the driver, Spend 11.006425857543945 seconds
2019-12-03 17:06:45,257 - root - INFO - ###############################  End  ###############################
2019-12-03 17:10:41,959 - root - INFO - ############################### START ###############################
2019-12-03 17:10:47,743 - root - INFO - SUCCESS    Start a new browser: firefox, Spend 5.783860445022583 seconds
2019-12-03 17:10:48,023 - root - INFO - SUCCESS    Set browser window maximized, Spend 0.2779967784881592 seconds
2019-12-03 17:10:49,080 - root - INFO - SUCCESS    Closed all window and quit the driver, Spend 1.0570242404937744 seconds
2019-12-03 17:10:49,081 - root - INFO - ###############################  End  ###############################
2019-12-03 17:24:56,749 - root - INFO - ############################### START ###############################
2019-12-03 17:25:02,991 - root - INFO - SUCCESS    Start a new browser: firefox, Spend 6.240292549133301 seconds
2019-12-03 17:25:03,251 - root - INFO - SUCCESS    Set browser window maximized, Spend 0.2594008445739746 seconds
2019-12-03 17:25:03,738 - root - INFO - SUCCESS    Navigated to http://www.baidu.com, Spend 0.485506534576416 seconds
2019-12-03 17:25:03,865 - root - INFO - SUCCESS    Clear and type element: <id->kw> content: 小石头tester, Spend 0.12698817253112793 seconds
2019-12-03 17:25:04,113 - root - INFO - SUCCESS    Clicked element: <id->su>, Spend 0.24668312072753906 seconds
2019-12-03 17:25:06,117 - root - INFO - SUCCESS    Get current window title, Spend 0.0019750595092773438 seconds
2019-12-03 17:25:07,256 - root - INFO - SUCCESS    Closed all window and quit the driver, Spend 1.1393258571624756 seconds
2019-12-03 17:25:07,257 - root - INFO - ###############################  End  ###############################
2019-12-03 17:25:07,257 - root - INFO - ############################### START ###############################
2019-12-03 17:25:13,013 - root - INFO - SUCCESS    Start a new browser: firefox, Spend 5.755743026733398 seconds
2019-12-03 17:25:13,286 - root - INFO - SUCCESS    Set browser window maximized, Spend 0.2722785472869873 seconds
2019-12-03 17:25:13,715 - root - INFO - SUCCESS    Navigated to http://www.baidu.com, Spend 0.4210202693939209 seconds
2019-12-03 17:25:13,853 - root - INFO - SUCCESS    Clear and type element: <id->kw> content: webdriver, Spend 0.13698363304138184 seconds
2019-12-03 17:25:14,109 - root - INFO - SUCCESS    Clicked element: <id->su>, Spend 0.25505685806274414 seconds
2019-12-03 17:25:16,113 - root - INFO - SUCCESS    Get current window title, Spend 0.0019989013671875 seconds
2019-12-03 17:25:16,323 - root - INFO - SUCCESS    Navigated to http://www.baidu.com, Spend 0.20957469940185547 seconds
2019-12-03 17:25:16,489 - root - INFO - SUCCESS    Clear and type element: <id->kw> content: selenium, Spend 0.1640002727508545 seconds
2019-12-03 17:25:16,741 - root - INFO - SUCCESS    Clicked element: <id->su>, Spend 0.2519962787628174 seconds
2019-12-03 17:25:18,750 - root - INFO - SUCCESS    Get current window title, Spend 0.007975101470947266 seconds
2019-12-03 17:25:18,926 - root - INFO - SUCCESS    Navigated to http://www.baidu.com, Spend 0.17409706115722656 seconds
2019-12-03 17:25:19,032 - root - INFO - SUCCESS    Clear and type element: <id->kw> content: github, Spend 0.10500073432922363 seconds
2019-12-03 17:25:19,270 - root - INFO - SUCCESS    Clicked element: <id->su>, Spend 0.2378067970275879 seconds
2019-12-03 17:25:21,272 - root - INFO - SUCCESS    Get current window title, Spend 0.0019254684448242188 seconds
2019-12-03 17:25:21,457 - root - INFO - SUCCESS    Navigated to http://www.baidu.com, Spend 0.1821918487548828 seconds
2019-12-03 17:25:21,601 - root - INFO - SUCCESS    Clear and type element: <id->kw> content: 小石头tester, Spend 0.14300131797790527 seconds
2019-12-03 17:25:21,848 - root - INFO - SUCCESS    Clicked element: <id->su>, Spend 0.24752354621887207 seconds
2019-12-03 17:25:23,852 - root - INFO - SUCCESS    Get current window title, Spend 0.0020117759704589844 seconds
2019-12-03 17:25:25,215 - root - INFO - SUCCESS    Closed all window and quit the driver, Spend 1.3632311820983887 seconds
2019-12-03 17:25:25,216 - root - INFO - ###############################  End  ###############################
2019-12-03 17:25:25,216 - root - INFO - ############################### START ###############################
2019-12-03 17:25:31,024 - root - INFO - SUCCESS    Start a new browser: firefox, Spend 5.8079674243927 seconds
2019-12-03 17:25:31,303 - root - INFO - SUCCESS    Set browser window maximized, Spend 0.27698469161987305 seconds
2019-12-03 17:25:31,947 - root - INFO - SUCCESS    Navigated to http://liveadmin-test.61info.cn/#/login, Spend 0.6439974308013916 seconds
2019-12-03 17:25:31,948 - root - INFO - into live page
2019-12-03 17:25:34,052 - root - INFO - SUCCESS    Clear and type element: <name->username> content: ('zhongyanping',), Spend 0.10299563407897949 seconds
2019-12-03 17:25:34,410 - root - INFO - SUCCESS    Get the current window screenshot,path: D:\PythonProjects\UItestframework\report\image\input_phone_number-2019-12-03_17_25_34.jpg, Spend 0.3569967746734619 seconds
2019-12-03 17:25:36,478 - root - INFO - SUCCESS    Clear and type element: <name->password> content: ('123456',), Spend 0.06600427627563477 seconds
2019-12-03 17:25:36,905 - root - INFO - SUCCESS    Get the current window screenshot,path: D:\PythonProjects\UItestframework\report\image\input_password-2019-12-03_17_25_36.jpg, Spend 0.4240274429321289 seconds
2019-12-03 17:25:52,947 - root - INFO - SUCCESS    Closed all window and quit the driver, Spend 11.038571834564209 seconds
2019-12-03 17:25:52,948 - root - INFO - ###############################  End  ###############################
2019-12-03 19:30:45,913 - root - INFO - ############################### START ###############################
2019-12-03 19:30:52,152 - root - INFO - SUCCESS    Start a new browser: firefox, Spend 6.238004922866821 seconds
2019-12-03 19:30:52,431 - root - INFO - SUCCESS    Set browser window maximized, Spend 0.2782566547393799 seconds
2019-12-03 19:30:52,991 - root - INFO - SUCCESS    Navigated to http://www.baidu.com, Spend 0.5590429306030273 seconds
2019-12-03 19:30:53,147 - root - INFO - SUCCESS    Clear and type element: <id->kw> content: 小石头tester, Spend 0.15497469902038574 seconds
2019-12-03 19:30:53,407 - root - INFO - SUCCESS    Clicked element: <id->su>, Spend 0.2571573257446289 seconds
2019-12-03 19:30:55,413 - root - INFO - SUCCESS    Get current window title, Spend 0.0040416717529296875 seconds
2019-12-03 19:30:56,908 - root - INFO - SUCCESS    Closed all window and quit the driver, Spend 1.4939424991607666 seconds
2019-12-03 19:30:56,908 - root - INFO - ###############################  End  ###############################
2019-12-03 19:30:56,908 - root - INFO - ############################### START ###############################
2019-12-03 19:31:03,134 - root - INFO - SUCCESS    Start a new browser: firefox, Spend 6.2237420082092285 seconds
2019-12-03 19:31:03,412 - root - INFO - SUCCESS    Set browser window maximized, Spend 0.2760040760040283 seconds
2019-12-03 19:31:03,884 - root - INFO - SUCCESS    Navigated to http://www.baidu.com, Spend 0.44800877571105957 seconds
2019-12-03 19:31:04,022 - root - INFO - SUCCESS    Clear and type element: <id->kw> content: webdriver, Spend 0.13698768615722656 seconds
2019-12-03 19:31:04,274 - root - INFO - SUCCESS    Clicked element: <id->su>, Spend 0.25099825859069824 seconds
2019-12-03 19:31:06,278 - root - INFO - SUCCESS    Get current window title, Spend 0.002921581268310547 seconds
2019-12-03 19:31:06,450 - root - INFO - SUCCESS    Navigated to http://www.baidu.com, Spend 0.17203736305236816 seconds
2019-12-03 19:31:06,551 - root - INFO - SUCCESS    Clear and type element: <id->kw> content: selenium, Spend 0.0989985466003418 seconds
2019-12-03 19:31:06,801 - root - INFO - SUCCESS    Clicked element: <id->su>, Spend 0.24900484085083008 seconds
2019-12-03 19:31:08,804 - root - INFO - SUCCESS    Get current window title, Spend 0.0019996166229248047 seconds
2019-12-03 19:31:08,984 - root - INFO - SUCCESS    Navigated to http://www.baidu.com, Spend 0.1797652244567871 seconds
2019-12-03 19:31:09,070 - root - INFO - SUCCESS    Clear and type element: <id->kw> content: github, Spend 0.08599853515625 seconds
2019-12-03 19:31:09,307 - root - INFO - SUCCESS    Clicked element: <id->su>, Spend 0.2353229522705078 seconds
2019-12-03 19:31:11,314 - root - INFO - SUCCESS    Get current window title, Spend 0.004999399185180664 seconds
2019-12-03 19:31:11,487 - root - INFO - SUCCESS    Navigated to http://www.baidu.com, Spend 0.1730027198791504 seconds
2019-12-03 19:31:11,607 - root - INFO - SUCCESS    Clear and type element: <id->kw> content: 小石头tester, Spend 0.11898994445800781 seconds
2019-12-03 19:31:11,853 - root - INFO - SUCCESS    Clicked element: <id->su>, Spend 0.24487757682800293 seconds
2019-12-03 19:31:13,858 - root - INFO - SUCCESS    Get current window title, Spend 0.0019881725311279297 seconds
2019-12-03 19:31:15,117 - root - INFO - SUCCESS    Closed all window and quit the driver, Spend 1.2592244148254395 seconds
2019-12-03 19:31:15,118 - root - INFO - ###############################  End  ###############################
2019-12-03 19:31:15,118 - root - INFO - ############################### START ###############################
2019-12-03 19:31:20,831 - root - INFO - SUCCESS    Start a new browser: firefox, Spend 5.712518692016602 seconds
2019-12-03 19:31:21,091 - root - INFO - SUCCESS    Set browser window maximized, Spend 0.2592122554779053 seconds
2019-12-03 19:31:21,722 - root - INFO - SUCCESS    Navigated to http://liveadmin-test.61info.cn/#/login, Spend 0.6300034523010254 seconds
2019-12-03 19:31:21,723 - root - INFO - into live page
2019-12-03 19:31:23,854 - root - INFO - SUCCESS    Clear and type element: <name->username> content: ('zhongyanping',), Spend 0.1299912929534912 seconds
2019-12-03 19:31:24,236 - root - INFO - SUCCESS    Get the current window screenshot,path: D:\PythonProjects\UItestframework\report\image\input_phone_number-2019-12-03_19_31_23.jpg, Spend 0.3819766044616699 seconds
2019-12-03 19:31:26,328 - root - INFO - SUCCESS    Clear and type element: <name->password> content: ('123456',), Spend 0.08902716636657715 seconds
2019-12-03 19:31:26,753 - root - INFO - SUCCESS    Get the current window screenshot,path: D:\PythonProjects\UItestframework\report\image\input_password-2019-12-03_19_31_26.jpg, Spend 0.4239959716796875 seconds
2019-12-03 19:31:43,151 - root - INFO - SUCCESS    Closed all window and quit the driver, Spend 11.395230770111084 seconds
2019-12-03 19:31:43,152 - root - INFO - ###############################  End  ###############################
2019-12-03 19:53:25,799 - root - INFO - ############################### START ###############################
2019-12-03 19:53:31,566 - root - INFO - SUCCESS    Start a new browser: firefox, Spend 5.766244411468506 seconds
2019-12-03 19:53:31,889 - root - INFO - SUCCESS    Set browser window maximized, Spend 0.31822896003723145 seconds
2019-12-03 19:53:32,419 - root - INFO - SUCCESS    Navigated to http://www.baidu.com, Spend 0.5279824733734131 seconds
2019-12-03 19:53:32,605 - root - INFO - SUCCESS    Clear and type element: <id->kw> content: 小石头tester, Spend 0.1849825382232666 seconds
2019-12-03 19:53:32,884 - root - INFO - SUCCESS    Clicked element: <id->su>, Spend 0.2769894599914551 seconds
2019-12-03 19:53:34,888 - root - INFO - SUCCESS    Get current window title, Spend 0.0019850730895996094 seconds
2019-12-03 19:53:36,183 - root - INFO - SUCCESS    Closed all window and quit the driver, Spend 1.2949767112731934 seconds
2019-12-03 19:53:36,184 - root - INFO - ###############################  End  ###############################
2019-12-03 19:53:36,184 - root - INFO - ############################### START ###############################
2019-12-03 19:53:42,183 - root - INFO - SUCCESS    Start a new browser: firefox, Spend 5.9968461990356445 seconds
2019-12-03 19:53:42,486 - root - INFO - SUCCESS    Set browser window maximized, Spend 0.302992582321167 seconds
2019-12-03 19:53:43,006 - root - INFO - SUCCESS    Navigated to http://www.baidu.com, Spend 0.5109975337982178 seconds
2019-12-03 19:53:43,183 - root - INFO - SUCCESS    Clear and type element: <id->kw> content: webdriver, Spend 0.17499518394470215 seconds
2019-12-03 19:53:43,453 - root - INFO - SUCCESS    Clicked element: <id->su>, Spend 0.2680020332336426 seconds
2019-12-03 19:53:45,457 - root - INFO - SUCCESS    Get current window title, Spend 0.0030019283294677734 seconds
2019-12-03 19:53:45,641 - root - INFO - SUCCESS    Navigated to http://www.baidu.com, Spend 0.18396854400634766 seconds
2019-12-03 19:53:45,772 - root - INFO - SUCCESS    Clear and type element: <id->kw> content: selenium, Spend 0.1309952735900879 seconds
2019-12-03 19:53:46,023 - root - INFO - SUCCESS    Clicked element: <id->su>, Spend 0.24901437759399414 seconds
2019-12-03 19:53:48,027 - root - INFO - SUCCESS    Get current window title, Spend 0.002001523971557617 seconds
2019-12-03 19:53:48,190 - root - INFO - SUCCESS    Navigated to http://www.baidu.com, Spend 0.16318893432617188 seconds
2019-12-03 19:53:48,306 - root - INFO - SUCCESS    Clear and type element: <id->kw> content: github, Spend 0.11499619483947754 seconds
2019-12-03 19:53:48,574 - root - INFO - SUCCESS    Clicked element: <id->su>, Spend 0.26797032356262207 seconds
2019-12-03 19:53:50,577 - root - INFO - SUCCESS    Get current window title, Spend 0.0020017623901367188 seconds
2019-12-03 19:53:50,757 - root - INFO - SUCCESS    Navigated to http://www.baidu.com, Spend 0.18009591102600098 seconds
2019-12-03 19:53:50,905 - root - INFO - SUCCESS    Clear and type element: <id->kw> content: 小石头tester, Spend 0.14699649810791016 seconds
2019-12-03 19:53:51,150 - root - INFO - SUCCESS    Clicked element: <id->su>, Spend 0.24499130249023438 seconds
2019-12-03 19:53:53,152 - root - INFO - SUCCESS    Get current window title, Spend 0.002000093460083008 seconds
2019-12-03 19:53:54,635 - root - INFO - SUCCESS    Closed all window and quit the driver, Spend 1.4816627502441406 seconds
2019-12-03 19:53:54,636 - root - INFO - ###############################  End  ###############################
2019-12-03 19:53:54,636 - root - INFO - ############################### START ###############################
2019-12-03 19:54:00,388 - root - INFO - SUCCESS    Start a new browser: firefox, Spend 5.747642278671265 seconds
2019-12-03 19:54:00,686 - root - INFO - SUCCESS    Set browser window maximized, Spend 0.2961421012878418 seconds
2019-12-03 19:54:01,360 - root - INFO - SUCCESS    Navigated to http://liveadmin-test.61info.cn/#/login, Spend 0.6729862689971924 seconds
2019-12-03 19:54:01,360 - root - INFO - into live page
2019-12-03 19:54:03,463 - root - INFO - SUCCESS    Clear and type element: <name->username> content: ('zhongyanping',), Spend 0.1019906997680664 seconds
2019-12-03 19:54:03,847 - root - INFO - SUCCESS    Get the current window screenshot,path: D:\PythonProjects\UItestframework\report\image\input_phone_number-2019-12-03_19_54_03.jpg, Spend 0.38399267196655273 seconds
2019-12-03 19:54:05,943 - root - INFO - SUCCESS    Clear and type element: <name->password> content: ('123456',), Spend 0.09399151802062988 seconds
2019-12-03 19:54:06,326 - root - INFO - SUCCESS    Get the current window screenshot,path: D:\PythonProjects\UItestframework\report\image\input_password-2019-12-03_19_54_05.jpg, Spend 0.38199400901794434 seconds
2019-12-03 19:54:20,463 - root - INFO - SUCCESS    Closed all window and quit the driver, Spend 9.135618925094604 seconds
2019-12-03 19:54:20,463 - root - INFO - ###############################  End  ###############################
2019-12-03 19:56:24,764 - root - INFO - ############################### START ###############################
2019-12-03 19:56:30,527 - root - INFO - SUCCESS    Start a new browser: firefox, Spend 5.76286506652832 seconds
2019-12-03 19:56:30,811 - root - INFO - SUCCESS    Set browser window maximized, Spend 0.28232669830322266 seconds
2019-12-03 19:56:31,319 - root - INFO - SUCCESS    Navigated to http://www.baidu.com, Spend 0.507979154586792 seconds
2019-12-03 19:56:31,471 - root - INFO - SUCCESS    Clear and type element: <id->kw> content: 小石头tester, Spend 0.14999628067016602 seconds
2019-12-03 19:56:31,745 - root - INFO - SUCCESS    Clicked element: <id->su>, Spend 0.27300190925598145 seconds
2019-12-03 19:56:33,757 - root - INFO - SUCCESS    Get current window title, Spend 0.009004592895507812 seconds
2019-12-03 19:56:35,310 - root - INFO - SUCCESS    Closed all window and quit the driver, Spend 1.5509631633758545 seconds
2019-12-03 19:56:35,310 - root - INFO - ###############################  End  ###############################
2019-12-03 19:56:35,310 - root - INFO - ############################### START ###############################
2019-12-03 19:56:41,043 - root - INFO - SUCCESS    Start a new browser: firefox, Spend 5.730864763259888 seconds
2019-12-03 19:56:41,354 - root - INFO - SUCCESS    Set browser window maximized, Spend 0.3099956512451172 seconds
2019-12-03 19:56:41,942 - root - INFO - SUCCESS    Navigated to http://www.baidu.com, Spend 0.5689656734466553 seconds
2019-12-03 19:56:42,091 - root - INFO - SUCCESS    Clear and type element: <id->kw> content: webdriver, Spend 0.14699316024780273 seconds
2019-12-03 19:56:42,350 - root - INFO - SUCCESS    Clicked element: <id->su>, Spend 0.25800347328186035 seconds
2019-12-03 19:56:44,354 - root - INFO - SUCCESS    Get current window title, Spend 0.0030279159545898438 seconds
2019-12-03 19:56:44,545 - root - INFO - SUCCESS    Navigated to http://www.baidu.com, Spend 0.18996882438659668 seconds
2019-12-03 19:56:44,670 - root - INFO - SUCCESS    Clear and type element: <id->kw> content: selenium, Spend 0.12399816513061523 seconds
2019-12-03 19:56:44,914 - root - INFO - SUCCESS    Clicked element: <id->su>, Spend 0.24341464042663574 seconds
2019-12-03 19:57:59,316 - root - INFO - ############################### START ###############################
2019-12-03 19:58:05,082 - root - INFO - SUCCESS    Start a new browser: firefox, Spend 5.764930486679077 seconds
2019-12-03 19:58:05,382 - root - INFO - SUCCESS    Set browser window maximized, Spend 0.29999518394470215 seconds
2019-12-03 19:58:05,943 - root - INFO - SUCCESS    Navigated to http://liveadmin-test.61info.cn/#/login, Spend 0.5600006580352783 seconds
2019-12-03 19:58:05,944 - root - INFO - into live page
2019-12-03 19:58:08,048 - root - INFO - SUCCESS    Clear and type element: <name->username> content: ('zhongyanping',), Spend 0.10294818878173828 seconds
2019-12-03 19:58:08,460 - root - INFO - SUCCESS    Get the current window screenshot,path: D:\PythonProjects\UItestframework\report\image\input_phone_number-2019-12-03_19_58_08.jpg, Spend 0.4119994640350342 seconds
2019-12-03 19:58:10,542 - root - INFO - SUCCESS    Clear and type element: <name->password> content: ('123456',), Spend 0.08099889755249023 seconds
2019-12-03 19:58:10,956 - root - INFO - SUCCESS    Get the current window screenshot,path: D:\PythonProjects\UItestframework\report\image\input_password-2019-12-03_19_58_10.jpg, Spend 0.41301512718200684 seconds
2019-12-03 19:58:24,141 - root - INFO - SUCCESS    Closed all window and quit the driver, Spend 8.183440685272217 seconds
2019-12-03 19:58:24,141 - root - INFO - ###############################  End  ###############################
