2019-11-29 17:21:42,420 - root - INFO - SUCCESS    Start a new browser: firefox, Spend 10.080951929092407 seconds
2019-11-29 17:23:29,288 - root - INFO - SUCCESS    Start a new browser: firefox, Spend 5.740732908248901 seconds
2019-11-29 17:25:23,987 - root - INFO - ############################### START ###############################
2019-11-29 17:25:29,742 - root - INFO - SUCCESS    Start a new browser: firefox, Spend 5.753494739532471 seconds
2019-11-29 17:25:30,060 - root - INFO - SUCCESS    Set browser window maximized, Spend 0.31789588928222656 seconds
2019-11-29 17:25:30,589 - root - INFO - SUCCESS    Navigated to http://www.baidu.com, Spend 0.5280053615570068 seconds
2019-11-29 17:25:30,744 - root - INFO - SUCCESS    Clear and type element: <id->kw> content: 小石头tester, Spend 0.15500187873840332 seconds
2019-11-29 17:25:31,022 - root - INFO - SUCCESS    Clicked element: <id->su>, Spend 0.27601003646850586 seconds
2019-11-29 17:25:34,606 - root - INFO - SUCCESS    Closed all window and quit the driver, Spend 1.5530016422271729 seconds
2019-11-29 17:25:34,606 - root - INFO - ###############################  End  ###############################
2019-11-29 17:25:34,630 - root - INFO - ############################### START ###############################
2019-11-29 17:26:03,065 - root - INFO - ############################### START ###############################
2019-11-29 17:26:09,288 - root - INFO - SUCCESS    Start a new browser: firefox, Spend 6.223002672195435 seconds
2019-11-29 17:26:09,559 - root - INFO - SUCCESS    Set browser window maximized, Spend 0.27071237564086914 seconds
2019-11-29 17:26:09,987 - root - INFO - SUCCESS    Navigated to http://www.baidu.com, Spend 0.4263949394226074 seconds
2019-11-29 17:26:10,116 - root - INFO - SUCCESS    Clear and type element: <id->kw> content: 小石头tester, Spend 0.1289982795715332 seconds
2019-11-29 17:26:10,382 - root - INFO - SUCCESS    Clicked element: <id->su>, Spend 0.26400232315063477 seconds
2019-11-29 17:26:12,387 - root - INFO - SUCCESS    Get current window title, Spend 0.0030066967010498047 seconds
2019-11-29 17:26:13,837 - root - INFO - SUCCESS    Closed all window and quit the driver, Spend 1.4485445022583008 seconds
2019-11-29 17:26:13,837 - root - INFO - ###############################  End  ###############################
2019-11-29 17:26:13,838 - root - INFO - ############################### START ###############################
2019-11-29 17:26:20,067 - root - INFO - SUCCESS    Start a new browser: firefox, Spend 6.227829456329346 seconds
2019-11-29 17:26:20,348 - root - INFO - SUCCESS    Set browser window maximized, Spend 0.2789883613586426 seconds
2019-11-29 17:26:20,812 - root - INFO - SUCCESS    Navigated to http://www.baidu.com, Spend 0.4259984493255615 seconds
2019-11-29 17:26:20,949 - root - INFO - SUCCESS    Clear and type element: <id->kw> content: webdriver, Spend 0.1369953155517578 seconds
2019-11-29 17:26:21,207 - root - INFO - SUCCESS    Clicked element: <id->su>, Spend 0.2559995651245117 seconds
2019-11-29 17:26:23,210 - root - INFO - SUCCESS    Get current window title, Spend 0.002003192901611328 seconds
2019-11-29 17:26:23,501 - root - INFO - SUCCESS    Navigated to http://www.baidu.com, Spend 0.29000091552734375 seconds
2019-11-29 17:26:23,623 - root - INFO - SUCCESS    Clear and type element: <id->kw> content: selenium, Spend 0.12099885940551758 seconds
2019-11-29 17:26:23,877 - root - INFO - SUCCESS    Clicked element: <id->su>, Spend 0.25200605392456055 seconds
2019-11-29 17:26:25,881 - root - INFO - SUCCESS    Get current window title, Spend 0.002000570297241211 seconds
2019-11-29 17:26:26,067 - root - INFO - SUCCESS    Navigated to http://www.baidu.com, Spend 0.1860036849975586 seconds
2019-11-29 17:26:26,171 - root - INFO - SUCCESS    Clear and type element: <id->kw> content: github, Spend 0.10399937629699707 seconds
2019-11-29 17:26:26,423 - root - INFO - SUCCESS    Clicked element: <id->su>, Spend 0.2510042190551758 seconds
2019-11-29 17:26:28,425 - root - INFO - SUCCESS    Get current window title, Spend 0.0019752979278564453 seconds
2019-11-29 17:26:28,622 - root - INFO - SUCCESS    Navigated to http://www.baidu.com, Spend 0.19700241088867188 seconds
2019-11-29 17:26:28,764 - root - INFO - SUCCESS    Clear and type element: <id->kw> content: 小石头tester, Spend 0.14200258255004883 seconds
2019-11-29 17:26:29,020 - root - INFO - SUCCESS    Clicked element: <id->su>, Spend 0.2530093193054199 seconds
2019-11-29 17:26:31,023 - root - INFO - SUCCESS    Get current window title, Spend 0.0018854141235351562 seconds
2019-11-29 17:26:32,330 - root - INFO - SUCCESS    Closed all window and quit the driver, Spend 1.307004451751709 seconds
2019-11-29 17:26:32,331 - root - INFO - ###############################  End  ###############################
2019-11-29 17:26:32,331 - root - INFO - ############################### START ###############################
2019-11-29 17:26:38,582 - root - INFO - SUCCESS    Start a new browser: firefox, Spend 6.248199939727783 seconds
2019-11-29 17:26:38,913 - root - INFO - SUCCESS    Set browser window maximized, Spend 0.3281705379486084 seconds
2019-11-29 17:26:39,561 - root - INFO - SUCCESS    Navigated to http://liveadmin-test.61info.cn/#/login, Spend 0.6479992866516113 seconds
2019-11-29 17:26:41,650 - root - INFO - SUCCESS    Clear and type element: <name->username> content: zhongyanping, Spend 0.08699345588684082 seconds
2019-11-29 17:26:43,732 - root - INFO - SUCCESS    Clear and type element: <name->password> content: 123456, Spend 0.08100175857543945 seconds
2019-11-29 17:26:59,842 - root - INFO - SUCCESS    Closed all window and quit the driver, Spend 11.10773754119873 seconds
2019-11-29 17:26:59,842 - root - INFO - ###############################  End  ###############################
